[01Jan2024 00:02:08.163] [Server thread/INFO] [net.minecraft.server.network.ServerLoginPacketListenerImpl/]: com.mojang.authlib.GameProfile@4c5bfbcd[id=<null>,name=AlejoYP2603,properties={},legacy=false] (/179.6.170.252:19768) lost connection: Disconnected
[01Jan2024 00:02:59.617] [Server thread/INFO] [net.minecraft.server.network.ServerLoginPacketListenerImpl/]: com.mojang.authlib.GameProfile@2c97e686[id=<null>,name=AlejoYP2603,properties={},legacy=false] (/179.6.170.252:25678) lost connection: Disconnected
[01Jan2024 00:03:32.626] [Server thread/INFO] [net.minecraft.server.players.PlayerList/]: AlejoYP2603[/179.6.170.252:30972] logged in with entity id 415685 at (3849.0978074238233, 88.0, -1997.9849155018485)
[01Jan2024 00:03:32.634] [Server thread/INFO] [net.minecraft.server.MinecraftServer/]: AlejoYP2603 joined the game
[01Jan2024 00:03:32.650] [Server thread/INFO] [Jade/]: Syncing config to AlejoYP2603 (d346f2d1-37ac-302e-83ed-4ba5f978d523)
[01Jan2024 00:04:48.321] [Server thread/WARN] [net.minecraft.server.level.ServerPlayerGameMode/]: Mismatch in destroy block pos: BlockPos{x=3886, y=91, z=-2020} BlockPos{x=3887, y=90, z=-2020}
[01Jan2024 00:04:48.411] [Server thread/WARN] [net.minecraft.server.level.ServerPlayerGameMode/]: Mismatch in destroy block pos: BlockPos{x=3886, y=91, z=-2020} BlockPos{x=3887, y=90, z=-2020}
[01Jan2024 00:04:48.463] [Server thread/WARN] [net.minecraft.server.level.ServerPlayerGameMode/]: Mismatch in destroy block pos: BlockPos{x=3886, y=91, z=-2020} BlockPos{x=3887, y=90, z=-2020}
[01Jan2024 00:04:48.464] [Server thread/WARN] [net.minecraft.server.level.ServerPlayerGameMode/]: Mismatch in destroy block pos: BlockPos{x=3886, y=91, z=-2020} BlockPos{x=3887, y=90, z=-2020}
[01Jan2024 00:04:48.508] [Server thread/WARN] [net.minecraft.server.level.ServerPlayerGameMode/]: Mismatch in destroy block pos: BlockPos{x=3886, y=91, z=-2020} BlockPos{x=3887, y=90, z=-2020}
[01Jan2024 00:04:48.602] [Server thread/WARN] [net.minecraft.server.level.ServerPlayerGameMode/]: Mismatch in destroy block pos: BlockPos{x=3886, y=91, z=-2020} BlockPos{x=3887, y=90, z=-2020}
[01Jan2024 00:04:48.654] [Server thread/WARN] [net.minecraft.server.level.ServerPlayerGameMode/]: Mismatch in destroy block pos: BlockPos{x=3886, y=91, z=-2020} BlockPos{x=3887, y=90, z=-2020}
[01Jan2024 00:04:51.045] [Server thread/WARN] [net.minecraft.server.level.ServerPlayerGameMode/]: Mismatch in destroy block pos: BlockPos{x=3887, y=91, z=-2021} BlockPos{x=3888, y=90, z=-2021}
[01Jan2024 00:05:10.348] [Server thread/WARN] [net.minecraft.server.level.ServerPlayerGameMode/]: Mismatch in destroy block pos: BlockPos{x=3888, y=88, z=-2016} BlockPos{x=3888, y=87, z=-2017}
[01Jan2024 00:05:10.392] [Server thread/WARN] [net.minecraft.server.level.ServerPlayerGameMode/]: Mismatch in destroy block pos: BlockPos{x=3888, y=88, z=-2015} BlockPos{x=3888, y=87, z=-2017}
[01Jan2024 00:05:10.443] [Server thread/WARN] [net.minecraft.server.level.ServerPlayerGameMode/]: Mismatch in destroy block pos: BlockPos{x=3888, y=88, z=-2015} BlockPos{x=3888, y=87, z=-2017}
[01Jan2024 00:05:53.819] [Server thread/WARN] [net.minecraft.server.level.ServerPlayerGameMode/]: Mismatch in destroy block pos: BlockPos{x=3875, y=87, z=-2002} BlockPos{x=3874, y=86, z=-2002}
[01Jan2024 00:05:53.866] [Server thread/WARN] [net.minecraft.server.level.ServerPlayerGameMode/]: Mismatch in destroy block pos: BlockPos{x=3875, y=87, z=-2002} BlockPos{x=3874, y=86, z=-2002}
[01Jan2024 00:06:17.450] [Server thread/WARN] [net.minecraft.server.level.ServerPlayerGameMode/]: Mismatch in destroy block pos: BlockPos{x=3852, y=87, z=-1997} BlockPos{x=3853, y=86, z=-1998}
[01Jan2024 00:06:17.491] [Server thread/WARN] [net.minecraft.server.level.ServerPlayerGameMode/]: Mismatch in destroy block pos: BlockPos{x=3852, y=87, z=-1997} BlockPos{x=3853, y=86, z=-1998}
[01Jan2024 00:06:36.990] [Server thread/INFO] [net.minecraft.server.network.ServerGamePacketListenerImpl/]: mBattousai lost connection: Disconnected
[01Jan2024 00:06:36.990] [Server thread/INFO] [net.minecraft.server.MinecraftServer/]: mBattousai left the game
[01Jan2024 00:16:20.210] [Server thread/INFO] [net.minecraft.server.MinecraftServer/]: [Not Secure] <AlejoYP2603> *inserte meme de la rana
[01Jan2024 00:16:48.306] [Server thread/WARN] [net.minecraft.server.network.ServerGamePacketListenerImpl/]: AlejoYP2603 moved wrongly!
[01Jan2024 00:17:03.454] [Server thread/INFO] [net.minecraft.server.MinecraftServer/]: [Not Secure] <AlejoYP2603> per aprovecha para recolectar materiales por la noche
[01Jan2024 00:20:37.804] [Server thread/INFO] [net.minecraft.server.MinecraftServer/]: [Not Secure] <AlejoYP2603> te consigo andamios?
[01Jan2024 00:20:58.515] [Server thread/INFO] [net.minecraft.server.MinecraftServer/]: [Not Secure] <AlejoYP2603> okok
[01Jan2024 00:21:11.318] [Server thread/INFO] [net.minecraft.server.MinecraftServer/]: [Not Secure] <AlejoYP2603> oye y si viste el dm?
[01Jan2024 00:21:17.637] [Server thread/INFO] [net.minecraft.server.players.PlayerList/]: mBattousai[/38.10.112.5:65189] logged in with entity id 435149 at (78.8776933106718, 88.0, -375.10987983594714)
[01Jan2024 00:21:17.652] [Server thread/INFO] [net.minecraft.server.MinecraftServer/]: mBattousai joined the game
[01Jan2024 00:21:17.676] [Server thread/INFO] [Jade/]: Syncing config to mBattousai (dcdff24d-ed82-3e06-bfdf-2dd452bcb2e9)
[01Jan2024 00:21:41.164] [Server thread/INFO] [net.minecraft.server.MinecraftServer/]: [Not Secure] <AlejoYP2603> necesito hilo
[01Jan2024 00:21:54.465] [Server thread/INFO] [net.minecraft.server.MinecraftServer/]: [Not Secure] <AlejoYP2603> f
[01Jan2024 00:23:15.462] [Server thread/INFO] [net.minecraft.server.MinecraftServer/]: [Not Secure] <AlejoYP2603> nope
[01Jan2024 00:23:18.408] [Server thread/INFO] [net.minecraft.server.MinecraftServer/]: [Not Secure] <AlejoYP2603> normal xd
[01Jan2024 00:25:55.253] [Server thread/INFO] [net.minecraft.server.network.ServerGamePacketListenerImpl/]: Shuryn lost connection: Disconnected
[01Jan2024 00:25:55.253] [Server thread/INFO] [net.minecraft.server.MinecraftServer/]: Shuryn left the game
[01Jan2024 00:26:00.055] [Server thread/INFO] [net.minecraft.server.MinecraftServer/]: [Not Secure] <AlejoYP2603> nygel
[01Jan2024 00:26:08.758] [Server thread/INFO] [net.minecraft.server.MinecraftServer/]: [Not Secure] <AlejoYP2603> toma
[01Jan2024 00:27:32.020] [Server thread/INFO] [net.minecraft.server.MinecraftServer/]: [Not Secure] <AlejoYP2603> quieres que haya una explanada hacia allá?
[01Jan2024 00:27:40.012] [Server thread/INFO] [net.minecraft.server.MinecraftServer/]: [Not Secure] <AlejoYP2603> para que puedan hacer más pixel art?
[01Jan2024 00:28:58.769] [Server thread/INFO] [net.minecraft.server.MinecraftServer/]: [Not Secure] <AlejoYP2603> respetaras la heterocromia
[01Jan2024 00:48:19.258] [Server thread/INFO] [net.minecraft.server.MinecraftServer/]: [Not Secure] <AlejoYP2603> ohh los ojos no los cambiarás de color
[01Jan2024 00:48:49.656] [Server thread/INFO] [net.minecraft.server.MinecraftServer/]: [Not Secure] <AlejoYP2603> nono estaba contemplando
[01Jan2024 00:49:21.158] [Server thread/INFO] [net.minecraft.server.MinecraftServer/]: [Not Secure] <AlejoYP2603> altoque mi rey
[01Jan2024 00:49:28.543] [Server thread/INFO] [net.minecraft.server.MinecraftServer/]: [Not Secure] <AlejoYP2603> si normal
[01Jan2024 00:50:54.547] [Server thread/INFO] [net.minecraft.server.MinecraftServer/]: [Not Secure] <AlejoYP2603> con mi pala obtengo puro pedernal xd
[01Jan2024 00:52:56.572] [Server thread/INFO] [net.minecraft.server.MinecraftServer/]: [Not Secure] <AlejoYP2603> la grava la necesitas?
[01Jan2024 00:57:00.509] [Server thread/INFO] [net.minecraft.server.MinecraftServer/]: [Not Secure] <AlejoYP2603> si me atacan
[01Jan2024 00:57:03.902] [Server thread/INFO] [net.minecraft.server.MinecraftServer/]: [Not Secure] <AlejoYP2603> mis espinas
[01Jan2024 00:57:08.044] [Server thread/INFO] [net.minecraft.server.MinecraftServer/]: [Not Secure] <AlejoYP2603> xd
[01Jan2024 01:01:20.892] [Server thread/INFO] [net.minecraft.server.MinecraftServer/]: [Not Secure] <AlejoYP2603> esa voz me recuerda al
[01Jan2024 01:01:25.350] [Server thread/INFO] [net.minecraft.server.MinecraftServer/]: [Not Secure] <AlejoYP2603> como tan muchacho
[01Jan2024 01:01:58.644] [Server thread/INFO] [net.minecraft.server.MinecraftServer/]: [Not Secure] <AlejoYP2603> gou
[01Jan2024 01:02:08.501] [Server thread/INFO] [net.minecraft.server.MinecraftServer/]: [Not Secure] <AlejoYP2603> vamos nygel te cucbro
[01Jan2024 01:02:10.913] [Server thread/INFO] [net.minecraft.server.MinecraftServer/]: [Not Secure] <AlejoYP2603> terminalo
[01Jan2024 01:06:45.242] [Server thread/INFO] [net.minecraft.server.MinecraftServer/]: [Not Secure] <AlejoYP2603> espera ya sé
[01Jan2024 01:10:42.395] [Server thread/INFO] [net.minecraft.server.MinecraftServer/]: [Not Secure] <AlejoYP2603> nygel toma
[01Jan2024 01:11:11.344] [Server thread/INFO] [net.minecraft.server.MinecraftServer/]: [Not Secure] <AlejoYP2603> XD
[01Jan2024 01:11:19.407] [Server thread/INFO] [net.minecraft.server.MinecraftServer/]: [Not Secure] <AlejoYP2603> Ok
[01Jan2024 01:11:26.151] [Server thread/INFO] [net.minecraft.server.MinecraftServer/]: [Not Secure] <AlejoYP2603> ten
[01Jan2024 01:11:41.692] [Server thread/INFO] [net.minecraft.server.MinecraftServer/]: [Not Secure] <AlejoYP2603> para los phantoms
[01Jan2024 01:14:01.301] [Server thread/INFO] [net.minecraft.server.network.ServerGamePacketListenerImpl/]: Nygel1657 lost connection: Disconnected
[01Jan2024 01:14:01.301] [Server thread/INFO] [net.minecraft.server.MinecraftServer/]: Nygel1657 left the game
[01Jan2024 01:14:01.362] [Server thread/INFO] [net.minecraft.server.MinecraftServer/]: [Not Secure] <AlejoYP2603> no bro
[01Jan2024 01:14:25.140] [Server thread/INFO] [net.minecraft.server.network.ServerGamePacketListenerImpl/]: AlejoYP2603 lost connection: Disconnected
[01Jan2024 01:14:25.141] [Server thread/INFO] [net.minecraft.server.MinecraftServer/]: AlejoYP2603 left the game
[01Jan2024 01:23:13.682] [Server thread/INFO] [net.minecraft.server.network.ServerGamePacketListenerImpl/]: pixeladosubzero lost connection: Disconnected
[01Jan2024 01:23:13.682] [Server thread/INFO] [net.minecraft.server.MinecraftServer/]: pixeladosubzero left the game
[01Jan2024 03:34:38.451] [Server thread/INFO] [net.minecraft.server.players.PlayerList/]: DENNISP45[/167.250.180.69:63840] logged in with entity id 489857 at (107.95621760997332, 117.0, -545.4148866809633)
[01Jan2024 03:34:38.460] [Server thread/INFO] [net.minecraft.server.MinecraftServer/]: DENNISP45 joined the game
[01Jan2024 03:34:38.477] [Server thread/INFO] [Jade/]: Syncing config to DENNISP45 (7e3364f4-c32f-3f3c-8972-b2e30dfe3548)
[01Jan2024 04:17:30.595] [Server thread/INFO] [net.minecraft.server.MinecraftServer/]: DENNISP45 experienced kinetic energy
[01Jan2024 04:17:30.605] [Server thread/INFO] [tombstone/]: The player DENNISP45 has successfully been saved
[01Jan2024 04:22:31.896] [Server thread/INFO] [net.minecraft.server.MinecraftServer/]: DENNISP45 has made the advancement [The Useless Portal]
[01Jan2024 04:37:47.727] [Server thread/INFO] [net.minecraft.server.players.PlayerList/]: Nygel1657[/179.6.164.35:52008] logged in with entity id 513533 at (89.72094024530588, 119.0, -199.77400438637653)
[01Jan2024 04:37:47.735] [Server thread/INFO] [net.minecraft.server.MinecraftServer/]: Nygel1657 joined the game
[01Jan2024 04:37:47.761] [Server thread/INFO] [Jade/]: Syncing config to Nygel1657 (39a046c2-d9c3-3284-8bb6-8f65ce2bc19d)
[01Jan2024 05:01:42.672] [Server thread/WARN] [net.minecraft.server.MinecraftServer/]: Can't keep up! Is the server overloaded? Running 2249ms or 44 ticks behind
[01Jan2024 05:03:36.321] [Server thread/INFO] [net.minecraft.server.players.PlayerList/]: CrawKatt[/200.120.142.58:57560] logged in with entity id 533050 at (-131.45571912681785, 81.0, -175.40235768632584)
[01Jan2024 05:03:36.331] [Server thread/INFO] [net.minecraft.server.MinecraftServer/]: CrawKatt joined the game
[01Jan2024 05:03:36.362] [Server thread/INFO] [Jade/]: Syncing config to CrawKatt (5cf373c6-9b7d-3c4b-b767-5718e6090af7)
[01Jan2024 05:07:51.593] [Server thread/INFO] [net.minecraft.server.MinecraftServer/]: CrawKatt has reached the goal [Sky's the Limit]
[01Jan2024 05:11:33.191] [Server thread/INFO] [com.tiviacz.travelersbackpack.TravelersBackpack/]: Created new backpack backup file for CrawKatt with unique ID 3a84debf-07d2-4f26-9890-10fde18c9ea0
[01Jan2024 05:11:33.192] [Server thread/INFO] [com.tiviacz.travelersbackpack.TravelersBackpack/]: Your backpack has been placed at X: 74 Y: 4 Z: -191
[01Jan2024 05:11:33.193] [Server thread/INFO] [net.minecraft.server.MinecraftServer/]: CrawKatt was slain by Vex
[01Jan2024 05:11:33.203] [Server thread/INFO] [tombstone/]: The player CrawKatt has successfully been saved
[01Jan2024 05:11:51.307] [Server thread/INFO] [net.minecraft.server.MinecraftServer/]: [mBattousai: Teleported CrawKatt to mBattousai]
[01Jan2024 05:12:44.936] [Server thread/INFO] [net.minecraft.server.MinecraftServer/]: CrawKatt has reached the goal [Postmortal]
[01Jan2024 05:12:44.944] [Server thread/INFO] [tombstone/]: The player CrawKatt has successfully been saved
[01Jan2024 05:12:59.986] [Server thread/INFO] [net.minecraft.server.MinecraftServer/]: CrawKatt was slain by Vex
[01Jan2024 05:12:59.996] [Server thread/INFO] [tombstone/]: The player CrawKatt has successfully been saved
[01Jan2024 05:13:07.245] [Server thread/INFO] [net.minecraft.server.MinecraftServer/]: [mBattousai: Teleported CrawKatt to mBattousai]
[01Jan2024 05:13:07.264] [Server thread/WARN] [net.minecraft.server.network.ServerGamePacketListenerImpl/]: CrawKatt moved too quickly! 69.19673515324625,-70.0,-232.5798587691487
[01Jan2024 05:13:40.420] [Server thread/WARN] [net.minecraft.server.network.ServerGamePacketListenerImpl/]: CrawKatt moved too quickly! 0.03045184899795572,108.58000001311302,0.024393167738736565
[01Jan2024 05:15:46.922] [Server thread/WARN] [net.minecraft.server.network.ServerGamePacketListenerImpl/]: Rejecting UseItemOnPacket from mBattousai: Location (68.80310767889023, 122.0, -170.47684746980667) too far away from hit block BlockPos{x=68, y=120, z=-171}.
[01Jan2024 05:15:49.419] [Server thread/WARN] [net.minecraft.server.network.ServerGamePacketListenerImpl/]: Rejecting UseItemOnPacket from mBattousai: Location (68.88071656227112, 122.0, -170.36523294448853) too far away from hit block BlockPos{x=68, y=120, z=-171}.
[01Jan2024 05:15:50.103] [Server thread/WARN] [net.minecraft.server.network.ServerGamePacketListenerImpl/]: Rejecting UseItemOnPacket from mBattousai: Location (68.88071656227112, 122.0, -170.36523294448853) too far away from hit block BlockPos{x=68, y=120, z=-171}.
[01Jan2024 05:16:35.908] [Server thread/INFO] [net.minecraft.server.MinecraftServer/]: [mBattousai: Teleported CrawKatt to mBattousai]
[01Jan2024 05:18:42.454] [Server thread/INFO] [net.minecraft.server.MinecraftServer/]: [mBattousai: Teleported CrawKatt to mBattousai]
[01Jan2024 05:18:56.058] [Server thread/WARN] [net.minecraft.server.MinecraftServer/]: Can't keep up! Is the server overloaded? Running 2385ms or 47 ticks behind
[01Jan2024 05:20:24.794] [Server thread/INFO] [net.minecraft.server.network.ServerGamePacketListenerImpl/]: DENNISP45 lost connection: Disconnected
[01Jan2024 05:20:24.794] [Server thread/INFO] [net.minecraft.server.MinecraftServer/]: DENNISP45 left the game
[01Jan2024 05:21:59.541] [Server thread/INFO] [net.minecraft.server.MinecraftServer/]: mBattousai has made the advancement [Bring Home the Beacon]
[01Jan2024 05:23:59.546] [Server thread/INFO] [net.minecraft.server.MinecraftServer/]: CrawKatt has made the advancement [Bring Home the Beacon]
[01Jan2024 05:30:51.802] [Server thread/INFO] [net.minecraft.server.network.ServerGamePacketListenerImpl/]: CrawKatt lost connection: Disconnected
[01Jan2024 05:30:51.803] [Server thread/INFO] [net.minecraft.server.MinecraftServer/]: CrawKatt left the game
[01Jan2024 06:20:48.737] [Server thread/INFO] [net.minecraft.server.network.ServerGamePacketListenerImpl/]: mBattousai lost connection: Disconnected
[01Jan2024 06:20:48.737] [Server thread/INFO] [net.minecraft.server.MinecraftServer/]: mBattousai left the game
[01Jan2024 06:22:48.518] [Server thread/WARN] [net.minecraft.server.network.ServerGamePacketListenerImpl/]: Nygel1657 moved too quickly! 7.100848595381677,6.780305382078495,-2.727947097920122
[01Jan2024 06:23:13.288] [Server thread/INFO] [net.minecraft.server.network.ServerGamePacketListenerImpl/]: Nygel1657 lost connection: Timed out
[01Jan2024 06:23:13.288] [Server thread/INFO] [net.minecraft.server.MinecraftServer/]: Nygel1657 left the game
[01Jan2024 12:31:15.150] [Server thread/INFO] [net.minecraft.server.players.PlayerList/]: Shuryn[/190.231.178.118:50985] logged in with entity id 566764 at (124.40513088874273, 95.0, -374.42198233539943)
[01Jan2024 12:31:15.172] [Server thread/INFO] [net.minecraft.server.MinecraftServer/]: Shuryn joined the game
[01Jan2024 12:31:15.181] [Server thread/INFO] [Jade/]: Syncing config to Shuryn (b7602664-58da-37d0-9805-0f07d495f458)
[01Jan2024 12:55:50.962] [Server thread/INFO] [net.minecraft.server.players.PlayerList/]: Nygel1657[/179.6.164.35:14062] logged in with entity id 572762 at (75.72756301110945, 122.51853613808805, -167.31810296394332)
[01Jan2024 12:55:50.971] [Server thread/INFO] [net.minecraft.server.MinecraftServer/]: Nygel1657 joined the game
[01Jan2024 12:55:50.989] [Server thread/INFO] [Jade/]: Syncing config to Nygel1657 (39a046c2-d9c3-3284-8bb6-8f65ce2bc19d)
[01Jan2024 12:56:49.552] [Server thread/INFO] [net.minecraft.server.MinecraftServer/]: [Not Secure] <Nygel1657> que opinas como quedo la Meica?
[01Jan2024 12:57:12.247] [Server thread/INFO] [net.minecraft.server.MinecraftServer/]: [Not Secure] <Shuryn> no se, la mayoria del directo solo escuche y no vi
[01Jan2024 12:57:31.563] [Server thread/INFO] [net.minecraft.server.MinecraftServer/]: [Not Secure] <Nygel1657> hablaba del pixelart
[01Jan2024 13:01:10.651] [Server thread/INFO] [net.minecraft.server.network.ServerGamePacketListenerImpl/]: Nygel1657 lost connection: Disconnected
[01Jan2024 13:01:10.651] [Server thread/INFO] [net.minecraft.server.MinecraftServer/]: Nygel1657 left the game
[01Jan2024 13:23:41.685] [Server thread/INFO] [net.minecraft.server.network.ServerGamePacketListenerImpl/]: Shuryn lost connection: Disconnected
[01Jan2024 13:23:41.686] [Server thread/INFO] [net.minecraft.server.MinecraftServer/]: Shuryn left the game
[01Jan2024 16:18:01.979] [Server thread/INFO] [net.minecraft.server.MinecraftServer/]: Stopping server
[01Jan2024 16:18:01.980] [Server thread/INFO] [net.minecraft.server.MinecraftServer/]: Saving players
[01Jan2024 16:18:01.980] [Server thread/INFO] [net.minecraft.server.MinecraftServer/]: Saving worlds
[01Jan2024 16:18:02.113] [Server thread/INFO] [net.minecraft.server.MinecraftServer/]: Saving chunks for level 'ServerLevel[world]'/minecraft:overworld
[01Jan2024 16:18:02.213] [Server thread/INFO] [net.minecraft.server.MinecraftServer/]: Saving chunks for level 'ServerLevel[world]'/minecraft:the_end
[01Jan2024 16:18:02.216] [Server thread/INFO] [net.minecraft.server.MinecraftServer/]: Saving chunks for level 'ServerLevel[world]'/minecraft:the_nether
[01Jan2024 16:18:02.247] [Server thread/INFO] [net.minecraft.server.MinecraftServer/]: ThreadedAnvilChunkStorage (world): All chunks are saved
[01Jan2024 16:18:02.247] [Server thread/INFO] [net.minecraft.server.MinecraftServer/]: ThreadedAnvilChunkStorage (DIM1): All chunks are saved
[01Jan2024 16:18:02.247] [Server thread/INFO] [net.minecraft.server.MinecraftServer/]: ThreadedAnvilChunkStorage (DIM-1): All chunks are saved
[01Jan2024 16:18:02.247] [Server thread/INFO] [net.minecraft.server.MinecraftServer/]: ThreadedAnvilChunkStorage: All dimensions are saved
[01Jan2024 16:18:02.737] [Server thread/INFO] [Framework/]: Unloading server configs...
[01Jan2024 16:18:02.738] [Server thread/INFO] [journeymap/]: Loading JourneyMap Forge Configs
